1610380349999	mozrunner::runner	INFO	Running command: "C:\\Program Files\\Mozilla Firefox\\firefox.exe" "-marionette" "-foreground" "-no-remote" "-profile" "C:\\Users\\WICTOR\\AppData\\Local\\Temp\\rust_mozprofileQUtxJs"
Can't find symbol 'eglSwapBuffersWithDamageEXT'.
Can't find symbol 'eglSetDamageRegionKHR'.
[Parent 37280, Gecko_IOThread] WARNING: file /builds/worker/checkouts/gecko/ipc/chromium/src/base/process_util_win.cc:166
console.warn: SearchSettings: "get: No settings file exists, new profile?" (new Error("", "(unknown module)"))
JavaScript error: resource://activity-stream/lib/ActivityStreamPrefs.jsm, line 27: NS_ERROR_ILLEGAL_VALUE: Component returned failure code: 0x80070057 (NS_ERROR_ILLEGAL_VALUE) [nsIPrefBranch.removeObserver]
JavaScript error: resource:///modules/CustomizableUI.jsm, line 5176: TypeError: win is null
JavaScript error: resource://activity-stream/lib/ASRouterNewTabHook.jsm, line 61: TypeError: this._router is null
console.error: Region.jsm: "Error fetching region" (new TypeError("NetworkError when attempting to fetch resource.", "resource://gre/modules/Region.jsm", 705))
console.error: Region.jsm: "Failed to fetch region" (new Error("NO_RESULT", "resource://gre/modules/Region.jsm", 376))
console.error: (new Error("SessionFile is closed", "resource:///modules/sessionstore/SessionFile.jsm", 433))
JavaScript error: resource://gre/modules/JSONFile.jsm, line 196: Error: Data is not ready.
JavaScript error: resource://gre/modules/Sqlite.jsm, line 928: Error: Connection is not open.
WARNING: At least one completion condition is taking too long to complete. Conditions: [{"name":"OS.File: flush I/O queued before profileBeforeChange","state":{"launched":true,"shutdown":false,"worker":true,"pendingReset":false,"latestSent":["Mon Jan 11 2021 12:54:15 GMT-0300 (Horário Padrão de Brasília)","new_DirectoryIterator"],"latestReceived":["Mon Jan 11 2021 12:54:15 GMT-0300 (Horário Padrão de Brasília)",2],"messagesSent":55,"messagesReceived":55,"messagesQueued":58,"DEBUG":false,"clients":"Complete"},"filename":"resource://gre/modules/osfile/osfile_async_front.jsm","lineNumber":1652,"stack":["resource://gre/modules/osfile/osfile_async_front.jsm:setupShutdown:1652","resource://gre/modules/osfile/osfile_async_front.jsm:null:1672","resource://gre/modules/osfile.jsm:null:11","resource://gre/modules/addons/GMPProvider.jsm:null:16","resource://gre/modules/AddonManager.jsm:startup:789","resource://gre/modules/AddonManager.jsm:startup:3530","resource://gre/modules/addonManager.js:observe:87"]},{"name":"Remote Settings profile-before-change","state":"Remaining: 3 callbacks (importJSONDump-main-hijack-blocklists-2, importJSONDump-main-search-telemetry-3, importJSONDump-main-search-config-5).","filename":"resource://services-settings/RemoteSettingsWorker.jsm","lineNumber":201,"stack":["resource://services-settings/RemoteSettingsWorker.jsm:null:201","resource://services-settings/RemoteSettingsClient.jsm:_importJSONDump:780","resource://services-settings/RemoteSettingsClient.jsm:get/this._importingPromise<:363","resource://services-settings/RemoteSettingsClient.jsm:get:372"]}] Barrier: profile-before-change
console.log: "RemoteSettingsWorker error: Error: Can't import when we've started shutting down."
console.log: "RemoteSettingsWorker error: Error: Can't import when we've started shutting down."
console.log: "RemoteSettingsWorker error: Error: Can't import when we've started shutting down."
JavaScript error: resource://activity-stream/lib/PlacesFeed.jsm, line 198: NS_ERROR_UNEXPECTED: Component returned failure code: 0x8000ffff (NS_ERROR_UNEXPECTED) [nsINavHistoryService.addObserver]
JavaScript error: resource://gre/modules/ExtensionSettingsStore.jsm, line 122: Error: The ExtensionSettingsStore was accessed before the initialize promise resolved.
JavaScript error: resource://gre/modules/AsyncShutdown.jsm, line 716: Error: Phase "profile-before-change" is finished, it is too late to register completion condition "IOUtils Blocker"
console.error: "Could not load engine google@search.mozilla.org: [Exception... \"AddonManager is not initialized\"  nsresult: \"0xc1f30001 (NS_ERROR_NOT_INITIALIZED)\"  location: \"JS frame :: resource://gre/modules/AddonManager.jsm :: installBuiltinAddon :: line 2550\"  data: no]"
console.error: "Could not load engine wikipedia@search.mozilla.org: [Exception... \"AddonManager is not initialized\"  nsresult: \"0xc1f30001 (NS_ERROR_NOT_INITIALIZED)\"  location: \"JS frame :: resource://gre/modules/AddonManager.jsm :: installBuiltinAddon :: line 2550\"  data: no]"
console.error: "Could not load engine mercadolivre@search.mozilla.org: [Exception... \"AddonManager is not initialized\"  nsresult: \"0xc1f30001 (NS_ERROR_NOT_INITIALIZED)\"  location: \"JS frame :: resource://gre/modules/AddonManager.jsm :: installBuiltinAddon :: line 2550\"  data: no]"
console.error: "Could not load engine bing@search.mozilla.org: [Exception... \"AddonManager is not initialized\"  nsresult: \"0xc1f30001 (NS_ERROR_NOT_INITIALIZED)\"  location: \"JS frame :: resource://gre/modules/AddonManager.jsm :: installBuiltinAddon :: line 2550\"  data: no]"
console.error: "Could not load engine ddg@search.mozilla.org: [Exception... \"AddonManager is not initialized\"  nsresult: \"0xc1f30001 (NS_ERROR_NOT_INITIALIZED)\"  location: \"JS frame :: resource://gre/modules/AddonManager.jsm :: installBuiltinAddon :: line 2550\"  data: no]"
console.warn: SearchService: "_init: abandoning init due to shutting down"
JavaScript error: , line 0: uncaught exception: 2147500036
JavaScript error: , line 0: uncaught exception: 2147500036
JavaScript error: , line 0: uncaught exception: 2147500036
JavaScript error: , line 0: uncaught exception: 2147500036
*** UTM:SVC TimerManager:registerTimer called after profile-before-change notification. Ignoring timer registration for id: telemetry_modules_ping
*** UTM:SVC TimerManager:registerTimer called after profile-before-change notification. Ignoring timer registration for id: telemetry_untrustedmodules_ping

###!!! [Child][RunMessage] Error: Channel closing: too late to send/recv, messages will be lost

